2017-04-08 09:42:06 [127.0.0.1][-][nvekevd03dncsspeiacsqfhn74][error][yii\web\HttpException:404] exception 'yii\base\InvalidRouteException' with message 'Unable to resolve the request: site/galary' in /var/www/html/YiiMona/vendor/yiisoft/yii2/base/Controller.php:127
Stack trace:
#0 /var/www/html/YiiMona/vendor/yiisoft/yii2/base/Module.php(523): yii\base\Controller->runAction('galary', Array)
#1 /var/www/html/YiiMona/vendor/yiisoft/yii2/web/Application.php(102): yii\base\Module->runAction('site/galary', Array)
#2 /var/www/html/YiiMona/vendor/yiisoft/yii2/base/Application.php(380): yii\web\Application->handleRequest(Object(yii\web\Request))
#3 /var/www/html/YiiMona/frontend/web/index.php(18): yii\base\Application->run()
#4 {main}

Next exception 'yii\web\NotFoundHttpException' with message 'Page not found.' in /var/www/html/YiiMona/vendor/yiisoft/yii2/web/Application.php:114
Stack trace:
#0 /var/www/html/YiiMona/vendor/yiisoft/yii2/base/Application.php(380): yii\web\Application->handleRequest(Object(yii\web\Request))
#1 /var/www/html/YiiMona/frontend/web/index.php(18): yii\base\Application->run()
#2 {main}
2017-04-08 09:42:06 [127.0.0.1][-][nvekevd03dncsspeiacsqfhn74][info][application] $_GET = [
    'r' => 'site/galary'
]

$_COOKIE = [
    'advanced-frontend' => 'nvekevd03dncsspeiacsqfhn74'
    '_csrf-frontend' => '7c827c9a4207b7e37f07f174b7ef4a77edcb53031a24f4cb70caac0e9b455ddda:2:{i:0;s:14:\"_csrf-frontend\";i:1;s:32:\"zng-8DTs-WN-pX1YDeGT4jRvyYZxMtcP\";}'
    'advanced-backend' => 's00ueu4limvil78ae88ki063g4'
    '_csrf-backend' => 'a59cfdaab7fef707ba55ae049b52c0a09f9c469ffefec3678b237c65038b8feca:2:{i:0;s:13:\"_csrf-backend\";i:1;s:32:\"S9CbmpKwE9W4cu-ehDYzo24MUbpb9Jwx\";}'
]

$_SESSION = [
    '__flash' => []
]

$_SERVER = [
    'HTTP_HOST' => 'localhost'
    'HTTP_CONNECTION' => 'keep-alive'
    'HTTP_UPGRADE_INSECURE_REQUESTS' => '1'
    'HTTP_USER_AGENT' => 'Mozilla/5.0 (X11; Linux x86_64) AppleWebKit/537.36 (KHTML, like Gecko) Chrome/56.0.2924.87 Safari/537.36'
    'HTTP_ACCEPT' => 'text/html,application/xhtml+xml,application/xml;q=0.9,image/webp,*/*;q=0.8'
    'HTTP_REFERER' => 'http://localhost/YiiMona/frontend/web/index.php?r=site%2Fabout'
    'HTTP_ACCEPT_ENCODING' => 'gzip, deflate, sdch, br'
    'HTTP_ACCEPT_LANGUAGE' => 'en-US,en;q=0.8'
    'HTTP_COOKIE' => 'advanced-frontend=nvekevd03dncsspeiacsqfhn74; _csrf-frontend=7c827c9a4207b7e37f07f174b7ef4a77edcb53031a24f4cb70caac0e9b455ddda%3A2%3A%7Bi%3A0%3Bs%3A14%3A%22_csrf-frontend%22%3Bi%3A1%3Bs%3A32%3A%22zng-8DTs-WN-pX1YDeGT4jRvyYZxMtcP%22%3B%7D; advanced-backend=s00ueu4limvil78ae88ki063g4; _csrf-backend=a59cfdaab7fef707ba55ae049b52c0a09f9c469ffefec3678b237c65038b8feca%3A2%3A%7Bi%3A0%3Bs%3A13%3A%22_csrf-backend%22%3Bi%3A1%3Bs%3A32%3A%22S9CbmpKwE9W4cu-ehDYzo24MUbpb9Jwx%22%3B%7D'
    'PATH' => '/usr/local/sbin:/usr/local/bin:/usr/sbin:/usr/bin:/sbin:/bin'
    'SERVER_SIGNATURE' => '<address>Apache/2.4.18 (Ubuntu) Server at localhost Port 80</address>
'
    'SERVER_SOFTWARE' => 'Apache/2.4.18 (Ubuntu)'
    'SERVER_NAME' => 'localhost'
    'SERVER_ADDR' => '127.0.0.1'
    'SERVER_PORT' => '80'
    'REMOTE_ADDR' => '127.0.0.1'
    'DOCUMENT_ROOT' => '/var/www/html'
    'REQUEST_SCHEME' => 'http'
    'CONTEXT_PREFIX' => ''
    'CONTEXT_DOCUMENT_ROOT' => '/var/www/html'
    'SERVER_ADMIN' => 'webmaster@localhost'
    'SCRIPT_FILENAME' => '/var/www/html/YiiMona/frontend/web/index.php'
    'REMOTE_PORT' => '49222'
    'GATEWAY_INTERFACE' => 'CGI/1.1'
    'SERVER_PROTOCOL' => 'HTTP/1.1'
    'REQUEST_METHOD' => 'GET'
    'QUERY_STRING' => 'r=site%2Fgalary'
    'REQUEST_URI' => '/YiiMona/frontend/web/index.php?r=site%2Fgalary'
    'SCRIPT_NAME' => '/YiiMona/frontend/web/index.php'
    'PHP_SELF' => '/YiiMona/frontend/web/index.php'
    'REQUEST_TIME_FLOAT' => 1491644526.021
    'REQUEST_TIME' => 1491644526
]
2017-04-08 09:42:56 [127.0.0.1][-][nvekevd03dncsspeiacsqfhn74][error][yii\web\HttpException:404] exception 'yii\base\InvalidRouteException' with message 'Unable to resolve the request: site/galary' in /var/www/html/YiiMona/vendor/yiisoft/yii2/base/Controller.php:127
Stack trace:
#0 /var/www/html/YiiMona/vendor/yiisoft/yii2/base/Module.php(523): yii\base\Controller->runAction('galary', Array)
#1 /var/www/html/YiiMona/vendor/yiisoft/yii2/web/Application.php(102): yii\base\Module->runAction('site/galary', Array)
#2 /var/www/html/YiiMona/vendor/yiisoft/yii2/base/Application.php(380): yii\web\Application->handleRequest(Object(yii\web\Request))
#3 /var/www/html/YiiMona/frontend/web/index.php(18): yii\base\Application->run()
#4 {main}

Next exception 'yii\web\NotFoundHttpException' with message 'Page not found.' in /var/www/html/YiiMona/vendor/yiisoft/yii2/web/Application.php:114
Stack trace:
#0 /var/www/html/YiiMona/vendor/yiisoft/yii2/base/Application.php(380): yii\web\Application->handleRequest(Object(yii\web\Request))
#1 /var/www/html/YiiMona/frontend/web/index.php(18): yii\base\Application->run()
#2 {main}
2017-04-08 09:42:56 [127.0.0.1][-][nvekevd03dncsspeiacsqfhn74][info][application] $_GET = [
    'r' => 'site/galary'
]

$_COOKIE = [
    'advanced-frontend' => 'nvekevd03dncsspeiacsqfhn74'
    '_csrf-frontend' => '7c827c9a4207b7e37f07f174b7ef4a77edcb53031a24f4cb70caac0e9b455ddda:2:{i:0;s:14:\"_csrf-frontend\";i:1;s:32:\"zng-8DTs-WN-pX1YDeGT4jRvyYZxMtcP\";}'
    'advanced-backend' => 's00ueu4limvil78ae88ki063g4'
    '_csrf-backend' => 'a59cfdaab7fef707ba55ae049b52c0a09f9c469ffefec3678b237c65038b8feca:2:{i:0;s:13:\"_csrf-backend\";i:1;s:32:\"S9CbmpKwE9W4cu-ehDYzo24MUbpb9Jwx\";}'
]

$_SESSION = [
    '__flash' => []
]

$_SERVER = [
    'HTTP_HOST' => 'localhost'
    'HTTP_CONNECTION' => 'keep-alive'
    'HTTP_CACHE_CONTROL' => 'max-age=0'
    'HTTP_UPGRADE_INSECURE_REQUESTS' => '1'
    'HTTP_USER_AGENT' => 'Mozilla/5.0 (X11; Linux x86_64) AppleWebKit/537.36 (KHTML, like Gecko) Chrome/56.0.2924.87 Safari/537.36'
    'HTTP_ACCEPT' => 'text/html,application/xhtml+xml,application/xml;q=0.9,image/webp,*/*;q=0.8'
    'HTTP_REFERER' => 'http://localhost/YiiMona/frontend/web/index.php?r=site%2Fabout'
    'HTTP_ACCEPT_ENCODING' => 'gzip, deflate, sdch, br'
    'HTTP_ACCEPT_LANGUAGE' => 'en-US,en;q=0.8'
    'HTTP_COOKIE' => 'advanced-frontend=nvekevd03dncsspeiacsqfhn74; _csrf-frontend=7c827c9a4207b7e37f07f174b7ef4a77edcb53031a24f4cb70caac0e9b455ddda%3A2%3A%7Bi%3A0%3Bs%3A14%3A%22_csrf-frontend%22%3Bi%3A1%3Bs%3A32%3A%22zng-8DTs-WN-pX1YDeGT4jRvyYZxMtcP%22%3B%7D; advanced-backend=s00ueu4limvil78ae88ki063g4; _csrf-backend=a59cfdaab7fef707ba55ae049b52c0a09f9c469ffefec3678b237c65038b8feca%3A2%3A%7Bi%3A0%3Bs%3A13%3A%22_csrf-backend%22%3Bi%3A1%3Bs%3A32%3A%22S9CbmpKwE9W4cu-ehDYzo24MUbpb9Jwx%22%3B%7D'
    'PATH' => '/usr/local/sbin:/usr/local/bin:/usr/sbin:/usr/bin:/sbin:/bin'
    'SERVER_SIGNATURE' => '<address>Apache/2.4.18 (Ubuntu) Server at localhost Port 80</address>
'
    'SERVER_SOFTWARE' => 'Apache/2.4.18 (Ubuntu)'
    'SERVER_NAME' => 'localhost'
    'SERVER_ADDR' => '127.0.0.1'
    'SERVER_PORT' => '80'
    'REMOTE_ADDR' => '127.0.0.1'
    'DOCUMENT_ROOT' => '/var/www/html'
    'REQUEST_SCHEME' => 'http'
    'CONTEXT_PREFIX' => ''
    'CONTEXT_DOCUMENT_ROOT' => '/var/www/html'
    'SERVER_ADMIN' => 'webmaster@localhost'
    'SCRIPT_FILENAME' => '/var/www/html/YiiMona/frontend/web/index.php'
    'REMOTE_PORT' => '49236'
    'GATEWAY_INTERFACE' => 'CGI/1.1'
    'SERVER_PROTOCOL' => 'HTTP/1.1'
    'REQUEST_METHOD' => 'GET'
    'QUERY_STRING' => 'r=site%2Fgalary'
    'REQUEST_URI' => '/YiiMona/frontend/web/index.php?r=site%2Fgalary'
    'SCRIPT_NAME' => '/YiiMona/frontend/web/index.php'
    'PHP_SELF' => '/YiiMona/frontend/web/index.php'
    'REQUEST_TIME_FLOAT' => 1491644576.031
    'REQUEST_TIME' => 1491644576
]
2017-04-08 09:42:57 [127.0.0.1][-][nvekevd03dncsspeiacsqfhn74][error][yii\web\HttpException:404] exception 'yii\base\InvalidRouteException' with message 'Unable to resolve the request: site/galary' in /var/www/html/YiiMona/vendor/yiisoft/yii2/base/Controller.php:127
Stack trace:
#0 /var/www/html/YiiMona/vendor/yiisoft/yii2/base/Module.php(523): yii\base\Controller->runAction('galary', Array)
#1 /var/www/html/YiiMona/vendor/yiisoft/yii2/web/Application.php(102): yii\base\Module->runAction('site/galary', Array)
#2 /var/www/html/YiiMona/vendor/yiisoft/yii2/base/Application.php(380): yii\web\Application->handleRequest(Object(yii\web\Request))
#3 /var/www/html/YiiMona/frontend/web/index.php(18): yii\base\Application->run()
#4 {main}

Next exception 'yii\web\NotFoundHttpException' with message 'Page not found.' in /var/www/html/YiiMona/vendor/yiisoft/yii2/web/Application.php:114
Stack trace:
#0 /var/www/html/YiiMona/vendor/yiisoft/yii2/base/Application.php(380): yii\web\Application->handleRequest(Object(yii\web\Request))
#1 /var/www/html/YiiMona/frontend/web/index.php(18): yii\base\Application->run()
#2 {main}
2017-04-08 09:42:57 [127.0.0.1][-][nvekevd03dncsspeiacsqfhn74][info][application] $_GET = [
    'r' => 'site/galary'
]

$_COOKIE = [
    'advanced-frontend' => 'nvekevd03dncsspeiacsqfhn74'
    '_csrf-frontend' => '7c827c9a4207b7e37f07f174b7ef4a77edcb53031a24f4cb70caac0e9b455ddda:2:{i:0;s:14:\"_csrf-frontend\";i:1;s:32:\"zng-8DTs-WN-pX1YDeGT4jRvyYZxMtcP\";}'
    'advanced-backend' => 's00ueu4limvil78ae88ki063g4'
    '_csrf-backend' => 'a59cfdaab7fef707ba55ae049b52c0a09f9c469ffefec3678b237c65038b8feca:2:{i:0;s:13:\"_csrf-backend\";i:1;s:32:\"S9CbmpKwE9W4cu-ehDYzo24MUbpb9Jwx\";}'
]

$_SESSION = [
    '__flash' => []
]

$_SERVER = [
    'HTTP_HOST' => 'localhost'
    'HTTP_CONNECTION' => 'keep-alive'
    'HTTP_CACHE_CONTROL' => 'max-age=0'
    'HTTP_UPGRADE_INSECURE_REQUESTS' => '1'
    'HTTP_USER_AGENT' => 'Mozilla/5.0 (X11; Linux x86_64) AppleWebKit/537.36 (KHTML, like Gecko) Chrome/56.0.2924.87 Safari/537.36'
    'HTTP_ACCEPT' => 'text/html,application/xhtml+xml,application/xml;q=0.9,image/webp,*/*;q=0.8'
    'HTTP_REFERER' => 'http://localhost/YiiMona/frontend/web/index.php?r=site%2Fabout'
    'HTTP_ACCEPT_ENCODING' => 'gzip, deflate, sdch, br'
    'HTTP_ACCEPT_LANGUAGE' => 'en-US,en;q=0.8'
    'HTTP_COOKIE' => 'advanced-frontend=nvekevd03dncsspeiacsqfhn74; _csrf-frontend=7c827c9a4207b7e37f07f174b7ef4a77edcb53031a24f4cb70caac0e9b455ddda%3A2%3A%7Bi%3A0%3Bs%3A14%3A%22_csrf-frontend%22%3Bi%3A1%3Bs%3A32%3A%22zng-8DTs-WN-pX1YDeGT4jRvyYZxMtcP%22%3B%7D; advanced-backend=s00ueu4limvil78ae88ki063g4; _csrf-backend=a59cfdaab7fef707ba55ae049b52c0a09f9c469ffefec3678b237c65038b8feca%3A2%3A%7Bi%3A0%3Bs%3A13%3A%22_csrf-backend%22%3Bi%3A1%3Bs%3A32%3A%22S9CbmpKwE9W4cu-ehDYzo24MUbpb9Jwx%22%3B%7D'
    'PATH' => '/usr/local/sbin:/usr/local/bin:/usr/sbin:/usr/bin:/sbin:/bin'
    'SERVER_SIGNATURE' => '<address>Apache/2.4.18 (Ubuntu) Server at localhost Port 80</address>
'
    'SERVER_SOFTWARE' => 'Apache/2.4.18 (Ubuntu)'
    'SERVER_NAME' => 'localhost'
    'SERVER_ADDR' => '127.0.0.1'
    'SERVER_PORT' => '80'
    'REMOTE_ADDR' => '127.0.0.1'
    'DOCUMENT_ROOT' => '/var/www/html'
    'REQUEST_SCHEME' => 'http'
    'CONTEXT_PREFIX' => ''
    'CONTEXT_DOCUMENT_ROOT' => '/var/www/html'
    'SERVER_ADMIN' => 'webmaster@localhost'
    'SCRIPT_FILENAME' => '/var/www/html/YiiMona/frontend/web/index.php'
    'REMOTE_PORT' => '49238'
    'GATEWAY_INTERFACE' => 'CGI/1.1'
    'SERVER_PROTOCOL' => 'HTTP/1.1'
    'REQUEST_METHOD' => 'GET'
    'QUERY_STRING' => 'r=site%2Fgalary'
    'REQUEST_URI' => '/YiiMona/frontend/web/index.php?r=site%2Fgalary'
    'SCRIPT_NAME' => '/YiiMona/frontend/web/index.php'
    'PHP_SELF' => '/YiiMona/frontend/web/index.php'
    'REQUEST_TIME_FLOAT' => 1491644577.412
    'REQUEST_TIME' => 1491644577
]
2017-04-08 09:42:57 [127.0.0.1][-][nvekevd03dncsspeiacsqfhn74][error][yii\web\HttpException:404] exception 'yii\base\InvalidRouteException' with message 'Unable to resolve the request: site/galary' in /var/www/html/YiiMona/vendor/yiisoft/yii2/base/Controller.php:127
Stack trace:
#0 /var/www/html/YiiMona/vendor/yiisoft/yii2/base/Module.php(523): yii\base\Controller->runAction('galary', Array)
#1 /var/www/html/YiiMona/vendor/yiisoft/yii2/web/Application.php(102): yii\base\Module->runAction('site/galary', Array)
#2 /var/www/html/YiiMona/vendor/yiisoft/yii2/base/Application.php(380): yii\web\Application->handleRequest(Object(yii\web\Request))
#3 /var/www/html/YiiMona/frontend/web/index.php(18): yii\base\Application->run()
#4 {main}

Next exception 'yii\web\NotFoundHttpException' with message 'Page not found.' in /var/www/html/YiiMona/vendor/yiisoft/yii2/web/Application.php:114
Stack trace:
#0 /var/www/html/YiiMona/vendor/yiisoft/yii2/base/Application.php(380): yii\web\Application->handleRequest(Object(yii\web\Request))
#1 /var/www/html/YiiMona/frontend/web/index.php(18): yii\base\Application->run()
#2 {main}
2017-04-08 09:42:57 [127.0.0.1][-][nvekevd03dncsspeiacsqfhn74][info][application] $_GET = [
    'r' => 'site/galary'
]

$_COOKIE = [
    'advanced-frontend' => 'nvekevd03dncsspeiacsqfhn74'
    '_csrf-frontend' => '7c827c9a4207b7e37f07f174b7ef4a77edcb53031a24f4cb70caac0e9b455ddda:2:{i:0;s:14:\"_csrf-frontend\";i:1;s:32:\"zng-8DTs-WN-pX1YDeGT4jRvyYZxMtcP\";}'
    'advanced-backend' => 's00ueu4limvil78ae88ki063g4'
    '_csrf-backend' => 'a59cfdaab7fef707ba55ae049b52c0a09f9c469ffefec3678b237c65038b8feca:2:{i:0;s:13:\"_csrf-backend\";i:1;s:32:\"S9CbmpKwE9W4cu-ehDYzo24MUbpb9Jwx\";}'
]

$_SESSION = [
    '__flash' => []
]

$_SERVER = [
    'HTTP_HOST' => 'localhost'
    'HTTP_CONNECTION' => 'keep-alive'
    'HTTP_CACHE_CONTROL' => 'max-age=0'
    'HTTP_UPGRADE_INSECURE_REQUESTS' => '1'
    'HTTP_USER_AGENT' => 'Mozilla/5.0 (X11; Linux x86_64) AppleWebKit/537.36 (KHTML, like Gecko) Chrome/56.0.2924.87 Safari/537.36'
    'HTTP_ACCEPT' => 'text/html,application/xhtml+xml,application/xml;q=0.9,image/webp,*/*;q=0.8'
    'HTTP_REFERER' => 'http://localhost/YiiMona/frontend/web/index.php?r=site%2Fabout'
    'HTTP_ACCEPT_ENCODING' => 'gzip, deflate, sdch, br'
    'HTTP_ACCEPT_LANGUAGE' => 'en-US,en;q=0.8'
    'HTTP_COOKIE' => 'advanced-frontend=nvekevd03dncsspeiacsqfhn74; _csrf-frontend=7c827c9a4207b7e37f07f174b7ef4a77edcb53031a24f4cb70caac0e9b455ddda%3A2%3A%7Bi%3A0%3Bs%3A14%3A%22_csrf-frontend%22%3Bi%3A1%3Bs%3A32%3A%22zng-8DTs-WN-pX1YDeGT4jRvyYZxMtcP%22%3B%7D; advanced-backend=s00ueu4limvil78ae88ki063g4; _csrf-backend=a59cfdaab7fef707ba55ae049b52c0a09f9c469ffefec3678b237c65038b8feca%3A2%3A%7Bi%3A0%3Bs%3A13%3A%22_csrf-backend%22%3Bi%3A1%3Bs%3A32%3A%22S9CbmpKwE9W4cu-ehDYzo24MUbpb9Jwx%22%3B%7D'
    'PATH' => '/usr/local/sbin:/usr/local/bin:/usr/sbin:/usr/bin:/sbin:/bin'
    'SERVER_SIGNATURE' => '<address>Apache/2.4.18 (Ubuntu) Server at localhost Port 80</address>
'
    'SERVER_SOFTWARE' => 'Apache/2.4.18 (Ubuntu)'
    'SERVER_NAME' => 'localhost'
    'SERVER_ADDR' => '127.0.0.1'
    'SERVER_PORT' => '80'
    'REMOTE_ADDR' => '127.0.0.1'
    'DOCUMENT_ROOT' => '/var/www/html'
    'REQUEST_SCHEME' => 'http'
    'CONTEXT_PREFIX' => ''
    'CONTEXT_DOCUMENT_ROOT' => '/var/www/html'
    'SERVER_ADMIN' => 'webmaster@localhost'
    'SCRIPT_FILENAME' => '/var/www/html/YiiMona/frontend/web/index.php'
    'REMOTE_PORT' => '49238'
    'GATEWAY_INTERFACE' => 'CGI/1.1'
    'SERVER_PROTOCOL' => 'HTTP/1.1'
    'REQUEST_METHOD' => 'GET'
    'QUERY_STRING' => 'r=site%2Fgalary'
    'REQUEST_URI' => '/YiiMona/frontend/web/index.php?r=site%2Fgalary'
    'SCRIPT_NAME' => '/YiiMona/frontend/web/index.php'
    'PHP_SELF' => '/YiiMona/frontend/web/index.php'
    'REQUEST_TIME_FLOAT' => 1491644577.852
    'REQUEST_TIME' => 1491644577
]
2017-04-08 09:43:00 [127.0.0.1][-][nvekevd03dncsspeiacsqfhn74][error][yii\web\HttpException:404] exception 'yii\base\InvalidRouteException' with message 'Unable to resolve the request: site/galary' in /var/www/html/YiiMona/vendor/yiisoft/yii2/base/Controller.php:127
Stack trace:
#0 /var/www/html/YiiMona/vendor/yiisoft/yii2/base/Module.php(523): yii\base\Controller->runAction('galary', Array)
#1 /var/www/html/YiiMona/vendor/yiisoft/yii2/web/Application.php(102): yii\base\Module->runAction('site/galary', Array)
#2 /var/www/html/YiiMona/vendor/yiisoft/yii2/base/Application.php(380): yii\web\Application->handleRequest(Object(yii\web\Request))
#3 /var/www/html/YiiMona/frontend/web/index.php(18): yii\base\Application->run()
#4 {main}

Next exception 'yii\web\NotFoundHttpException' with message 'Page not found.' in /var/www/html/YiiMona/vendor/yiisoft/yii2/web/Application.php:114
Stack trace:
#0 /var/www/html/YiiMona/vendor/yiisoft/yii2/base/Application.php(380): yii\web\Application->handleRequest(Object(yii\web\Request))
#1 /var/www/html/YiiMona/frontend/web/index.php(18): yii\base\Application->run()
#2 {main}
2017-04-08 09:43:00 [127.0.0.1][-][nvekevd03dncsspeiacsqfhn74][info][application] $_GET = [
    'r' => 'site/galary'
]

$_COOKIE = [
    'advanced-frontend' => 'nvekevd03dncsspeiacsqfhn74'
    '_csrf-frontend' => '7c827c9a4207b7e37f07f174b7ef4a77edcb53031a24f4cb70caac0e9b455ddda:2:{i:0;s:14:\"_csrf-frontend\";i:1;s:32:\"zng-8DTs-WN-pX1YDeGT4jRvyYZxMtcP\";}'
    'advanced-backend' => 's00ueu4limvil78ae88ki063g4'
    '_csrf-backend' => 'a59cfdaab7fef707ba55ae049b52c0a09f9c469ffefec3678b237c65038b8feca:2:{i:0;s:13:\"_csrf-backend\";i:1;s:32:\"S9CbmpKwE9W4cu-ehDYzo24MUbpb9Jwx\";}'
]

$_SESSION = [
    '__flash' => []
]

$_SERVER = [
    'HTTP_HOST' => 'localhost'
    'HTTP_CONNECTION' => 'keep-alive'
    'HTTP_CACHE_CONTROL' => 'max-age=0'
    'HTTP_UPGRADE_INSECURE_REQUESTS' => '1'
    'HTTP_USER_AGENT' => 'Mozilla/5.0 (X11; Linux x86_64) AppleWebKit/537.36 (KHTML, like Gecko) Chrome/56.0.2924.87 Safari/537.36'
    'HTTP_ACCEPT' => 'text/html,application/xhtml+xml,application/xml;q=0.9,image/webp,*/*;q=0.8'
    'HTTP_REFERER' => 'http://localhost/YiiMona/frontend/web/index.php?r=site%2Fabout'
    'HTTP_ACCEPT_ENCODING' => 'gzip, deflate, sdch, br'
    'HTTP_ACCEPT_LANGUAGE' => 'en-US,en;q=0.8'
    'HTTP_COOKIE' => 'advanced-frontend=nvekevd03dncsspeiacsqfhn74; _csrf-frontend=7c827c9a4207b7e37f07f174b7ef4a77edcb53031a24f4cb70caac0e9b455ddda%3A2%3A%7Bi%3A0%3Bs%3A14%3A%22_csrf-frontend%22%3Bi%3A1%3Bs%3A32%3A%22zng-8DTs-WN-pX1YDeGT4jRvyYZxMtcP%22%3B%7D; advanced-backend=s00ueu4limvil78ae88ki063g4; _csrf-backend=a59cfdaab7fef707ba55ae049b52c0a09f9c469ffefec3678b237c65038b8feca%3A2%3A%7Bi%3A0%3Bs%3A13%3A%22_csrf-backend%22%3Bi%3A1%3Bs%3A32%3A%22S9CbmpKwE9W4cu-ehDYzo24MUbpb9Jwx%22%3B%7D'
    'PATH' => '/usr/local/sbin:/usr/local/bin:/usr/sbin:/usr/bin:/sbin:/bin'
    'SERVER_SIGNATURE' => '<address>Apache/2.4.18 (Ubuntu) Server at localhost Port 80</address>
'
    'SERVER_SOFTWARE' => 'Apache/2.4.18 (Ubuntu)'
    'SERVER_NAME' => 'localhost'
    'SERVER_ADDR' => '127.0.0.1'
    'SERVER_PORT' => '80'
    'REMOTE_ADDR' => '127.0.0.1'
    'DOCUMENT_ROOT' => '/var/www/html'
    'REQUEST_SCHEME' => 'http'
    'CONTEXT_PREFIX' => ''
    'CONTEXT_DOCUMENT_ROOT' => '/var/www/html'
    'SERVER_ADMIN' => 'webmaster@localhost'
    'SCRIPT_FILENAME' => '/var/www/html/YiiMona/frontend/web/index.php'
    'REMOTE_PORT' => '49238'
    'GATEWAY_INTERFACE' => 'CGI/1.1'
    'SERVER_PROTOCOL' => 'HTTP/1.1'
    'REQUEST_METHOD' => 'GET'
    'QUERY_STRING' => 'r=site%2Fgalary'
    'REQUEST_URI' => '/YiiMona/frontend/web/index.php?r=site%2Fgalary'
    'SCRIPT_NAME' => '/YiiMona/frontend/web/index.php'
    'PHP_SELF' => '/YiiMona/frontend/web/index.php'
    'REQUEST_TIME_FLOAT' => 1491644580.373
    'REQUEST_TIME' => 1491644580
]
2017-04-08 09:43:00 [127.0.0.1][-][nvekevd03dncsspeiacsqfhn74][error][yii\web\HttpException:404] exception 'yii\base\InvalidRouteException' with message 'Unable to resolve the request: site/galary' in /var/www/html/YiiMona/vendor/yiisoft/yii2/base/Controller.php:127
Stack trace:
#0 /var/www/html/YiiMona/vendor/yiisoft/yii2/base/Module.php(523): yii\base\Controller->runAction('galary', Array)
#1 /var/www/html/YiiMona/vendor/yiisoft/yii2/web/Application.php(102): yii\base\Module->runAction('site/galary', Array)
#2 /var/www/html/YiiMona/vendor/yiisoft/yii2/base/Application.php(380): yii\web\Application->handleRequest(Object(yii\web\Request))
#3 /var/www/html/YiiMona/frontend/web/index.php(18): yii\base\Application->run()
#4 {main}

Next exception 'yii\web\NotFoundHttpException' with message 'Page not found.' in /var/www/html/YiiMona/vendor/yiisoft/yii2/web/Application.php:114
Stack trace:
#0 /var/www/html/YiiMona/vendor/yiisoft/yii2/base/Application.php(380): yii\web\Application->handleRequest(Object(yii\web\Request))
#1 /var/www/html/YiiMona/frontend/web/index.php(18): yii\base\Application->run()
#2 {main}
2017-04-08 09:43:00 [127.0.0.1][-][nvekevd03dncsspeiacsqfhn74][info][application] $_GET = [
    'r' => 'site/galary'
]

$_COOKIE = [
    'advanced-frontend' => 'nvekevd03dncsspeiacsqfhn74'
    '_csrf-frontend' => '7c827c9a4207b7e37f07f174b7ef4a77edcb53031a24f4cb70caac0e9b455ddda:2:{i:0;s:14:\"_csrf-frontend\";i:1;s:32:\"zng-8DTs-WN-pX1YDeGT4jRvyYZxMtcP\";}'
    'advanced-backend' => 's00ueu4limvil78ae88ki063g4'
    '_csrf-backend' => 'a59cfdaab7fef707ba55ae049b52c0a09f9c469ffefec3678b237c65038b8feca:2:{i:0;s:13:\"_csrf-backend\";i:1;s:32:\"S9CbmpKwE9W4cu-ehDYzo24MUbpb9Jwx\";}'
]

$_SESSION = [
    '__flash' => []
]

$_SERVER = [
    'HTTP_HOST' => 'localhost'
    'HTTP_CONNECTION' => 'keep-alive'
    'HTTP_CACHE_CONTROL' => 'max-age=0'
    'HTTP_UPGRADE_INSECURE_REQUESTS' => '1'
    'HTTP_USER_AGENT' => 'Mozilla/5.0 (X11; Linux x86_64) AppleWebKit/537.36 (KHTML, like Gecko) Chrome/56.0.2924.87 Safari/537.36'
    'HTTP_ACCEPT' => 'text/html,application/xhtml+xml,application/xml;q=0.9,image/webp,*/*;q=0.8'
    'HTTP_REFERER' => 'http://localhost/YiiMona/frontend/web/index.php?r=site%2Fabout'
    'HTTP_ACCEPT_ENCODING' => 'gzip, deflate, sdch, br'
    'HTTP_ACCEPT_LANGUAGE' => 'en-US,en;q=0.8'
    'HTTP_COOKIE' => 'advanced-frontend=nvekevd03dncsspeiacsqfhn74; _csrf-frontend=7c827c9a4207b7e37f07f174b7ef4a77edcb53031a24f4cb70caac0e9b455ddda%3A2%3A%7Bi%3A0%3Bs%3A14%3A%22_csrf-frontend%22%3Bi%3A1%3Bs%3A32%3A%22zng-8DTs-WN-pX1YDeGT4jRvyYZxMtcP%22%3B%7D; advanced-backend=s00ueu4limvil78ae88ki063g4; _csrf-backend=a59cfdaab7fef707ba55ae049b52c0a09f9c469ffefec3678b237c65038b8feca%3A2%3A%7Bi%3A0%3Bs%3A13%3A%22_csrf-backend%22%3Bi%3A1%3Bs%3A32%3A%22S9CbmpKwE9W4cu-ehDYzo24MUbpb9Jwx%22%3B%7D'
    'PATH' => '/usr/local/sbin:/usr/local/bin:/usr/sbin:/usr/bin:/sbin:/bin'
    'SERVER_SIGNATURE' => '<address>Apache/2.4.18 (Ubuntu) Server at localhost Port 80</address>
'
    'SERVER_SOFTWARE' => 'Apache/2.4.18 (Ubuntu)'
    'SERVER_NAME' => 'localhost'
    'SERVER_ADDR' => '127.0.0.1'
    'SERVER_PORT' => '80'
    'REMOTE_ADDR' => '127.0.0.1'
    'DOCUMENT_ROOT' => '/var/www/html'
    'REQUEST_SCHEME' => 'http'
    'CONTEXT_PREFIX' => ''
    'CONTEXT_DOCUMENT_ROOT' => '/var/www/html'
    'SERVER_ADMIN' => 'webmaster@localhost'
    'SCRIPT_FILENAME' => '/var/www/html/YiiMona/frontend/web/index.php'
    'REMOTE_PORT' => '49238'
    'GATEWAY_INTERFACE' => 'CGI/1.1'
    'SERVER_PROTOCOL' => 'HTTP/1.1'
    'REQUEST_METHOD' => 'GET'
    'QUERY_STRING' => 'r=site%2Fgalary'
    'REQUEST_URI' => '/YiiMona/frontend/web/index.php?r=site%2Fgalary'
    'SCRIPT_NAME' => '/YiiMona/frontend/web/index.php'
    'PHP_SELF' => '/YiiMona/frontend/web/index.php'
    'REQUEST_TIME_FLOAT' => 1491644580.621
    'REQUEST_TIME' => 1491644580
]
2017-04-08 09:43:46 [127.0.0.1][-][nvekevd03dncsspeiacsqfhn74][error][yii\web\HttpException:404] exception 'yii\base\InvalidRouteException' with message 'Unable to resolve the request: site/galary' in /var/www/html/YiiMona/vendor/yiisoft/yii2/base/Controller.php:127
Stack trace:
#0 /var/www/html/YiiMona/vendor/yiisoft/yii2/base/Module.php(523): yii\base\Controller->runAction('galary', Array)
#1 /var/www/html/YiiMona/vendor/yiisoft/yii2/web/Application.php(102): yii\base\Module->runAction('site/galary', Array)
#2 /var/www/html/YiiMona/vendor/yiisoft/yii2/base/Application.php(380): yii\web\Application->handleRequest(Object(yii\web\Request))
#3 /var/www/html/YiiMona/frontend/web/index.php(18): yii\base\Application->run()
#4 {main}

Next exception 'yii\web\NotFoundHttpException' with message 'Page not found.' in /var/www/html/YiiMona/vendor/yiisoft/yii2/web/Application.php:114
Stack trace:
#0 /var/www/html/YiiMona/vendor/yiisoft/yii2/base/Application.php(380): yii\web\Application->handleRequest(Object(yii\web\Request))
#1 /var/www/html/YiiMona/frontend/web/index.php(18): yii\base\Application->run()
#2 {main}
2017-04-08 09:43:46 [127.0.0.1][-][nvekevd03dncsspeiacsqfhn74][info][application] $_GET = [
    'r' => 'site/galary'
]

$_COOKIE = [
    'advanced-frontend' => 'nvekevd03dncsspeiacsqfhn74'
    '_csrf-frontend' => '7c827c9a4207b7e37f07f174b7ef4a77edcb53031a24f4cb70caac0e9b455ddda:2:{i:0;s:14:\"_csrf-frontend\";i:1;s:32:\"zng-8DTs-WN-pX1YDeGT4jRvyYZxMtcP\";}'
    'advanced-backend' => 's00ueu4limvil78ae88ki063g4'
    '_csrf-backend' => 'a59cfdaab7fef707ba55ae049b52c0a09f9c469ffefec3678b237c65038b8feca:2:{i:0;s:13:\"_csrf-backend\";i:1;s:32:\"S9CbmpKwE9W4cu-ehDYzo24MUbpb9Jwx\";}'
]

$_SESSION = [
    '__flash' => []
]

$_SERVER = [
    'HTTP_HOST' => 'localhost'
    'HTTP_CONNECTION' => 'keep-alive'
    'HTTP_CACHE_CONTROL' => 'max-age=0'
    'HTTP_UPGRADE_INSECURE_REQUESTS' => '1'
    'HTTP_USER_AGENT' => 'Mozilla/5.0 (X11; Linux x86_64) AppleWebKit/537.36 (KHTML, like Gecko) Chrome/56.0.2924.87 Safari/537.36'
    'HTTP_ACCEPT' => 'text/html,application/xhtml+xml,application/xml;q=0.9,image/webp,*/*;q=0.8'
    'HTTP_REFERER' => 'http://localhost/YiiMona/frontend/web/index.php?r=site%2Fabout'
    'HTTP_ACCEPT_ENCODING' => 'gzip, deflate, sdch, br'
    'HTTP_ACCEPT_LANGUAGE' => 'en-US,en;q=0.8'
    'HTTP_COOKIE' => 'advanced-frontend=nvekevd03dncsspeiacsqfhn74; _csrf-frontend=7c827c9a4207b7e37f07f174b7ef4a77edcb53031a24f4cb70caac0e9b455ddda%3A2%3A%7Bi%3A0%3Bs%3A14%3A%22_csrf-frontend%22%3Bi%3A1%3Bs%3A32%3A%22zng-8DTs-WN-pX1YDeGT4jRvyYZxMtcP%22%3B%7D; advanced-backend=s00ueu4limvil78ae88ki063g4; _csrf-backend=a59cfdaab7fef707ba55ae049b52c0a09f9c469ffefec3678b237c65038b8feca%3A2%3A%7Bi%3A0%3Bs%3A13%3A%22_csrf-backend%22%3Bi%3A1%3Bs%3A32%3A%22S9CbmpKwE9W4cu-ehDYzo24MUbpb9Jwx%22%3B%7D'
    'PATH' => '/usr/local/sbin:/usr/local/bin:/usr/sbin:/usr/bin:/sbin:/bin'
    'SERVER_SIGNATURE' => '<address>Apache/2.4.18 (Ubuntu) Server at localhost Port 80</address>
'
    'SERVER_SOFTWARE' => 'Apache/2.4.18 (Ubuntu)'
    'SERVER_NAME' => 'localhost'
    'SERVER_ADDR' => '127.0.0.1'
    'SERVER_PORT' => '80'
    'REMOTE_ADDR' => '127.0.0.1'
    'DOCUMENT_ROOT' => '/var/www/html'
    'REQUEST_SCHEME' => 'http'
    'CONTEXT_PREFIX' => ''
    'CONTEXT_DOCUMENT_ROOT' => '/var/www/html'
    'SERVER_ADMIN' => 'webmaster@localhost'
    'SCRIPT_FILENAME' => '/var/www/html/YiiMona/frontend/web/index.php'
    'REMOTE_PORT' => '49250'
    'GATEWAY_INTERFACE' => 'CGI/1.1'
    'SERVER_PROTOCOL' => 'HTTP/1.1'
    'REQUEST_METHOD' => 'GET'
    'QUERY_STRING' => 'r=site%2Fgalary'
    'REQUEST_URI' => '/YiiMona/frontend/web/index.php?r=site%2Fgalary'
    'SCRIPT_NAME' => '/YiiMona/frontend/web/index.php'
    'PHP_SELF' => '/YiiMona/frontend/web/index.php'
    'REQUEST_TIME_FLOAT' => 1491644626.637
    'REQUEST_TIME' => 1491644626
]
2017-04-08 09:43:47 [127.0.0.1][-][nvekevd03dncsspeiacsqfhn74][error][yii\web\HttpException:404] exception 'yii\base\InvalidRouteException' with message 'Unable to resolve the request: site/galary' in /var/www/html/YiiMona/vendor/yiisoft/yii2/base/Controller.php:127
Stack trace:
#0 /var/www/html/YiiMona/vendor/yiisoft/yii2/base/Module.php(523): yii\base\Controller->runAction('galary', Array)
#1 /var/www/html/YiiMona/vendor/yiisoft/yii2/web/Application.php(102): yii\base\Module->runAction('site/galary', Array)
#2 /var/www/html/YiiMona/vendor/yiisoft/yii2/base/Application.php(380): yii\web\Application->handleRequest(Object(yii\web\Request))
#3 /var/www/html/YiiMona/frontend/web/index.php(18): yii\base\Application->run()
#4 {main}

Next exception 'yii\web\NotFoundHttpException' with message 'Page not found.' in /var/www/html/YiiMona/vendor/yiisoft/yii2/web/Application.php:114
Stack trace:
#0 /var/www/html/YiiMona/vendor/yiisoft/yii2/base/Application.php(380): yii\web\Application->handleRequest(Object(yii\web\Request))
#1 /var/www/html/YiiMona/frontend/web/index.php(18): yii\base\Application->run()
#2 {main}
2017-04-08 09:43:47 [127.0.0.1][-][nvekevd03dncsspeiacsqfhn74][info][application] $_GET = [
    'r' => 'site/galary'
]

$_COOKIE = [
    'advanced-frontend' => 'nvekevd03dncsspeiacsqfhn74'
    '_csrf-frontend' => '7c827c9a4207b7e37f07f174b7ef4a77edcb53031a24f4cb70caac0e9b455ddda:2:{i:0;s:14:\"_csrf-frontend\";i:1;s:32:\"zng-8DTs-WN-pX1YDeGT4jRvyYZxMtcP\";}'
    'advanced-backend' => 's00ueu4limvil78ae88ki063g4'
    '_csrf-backend' => 'a59cfdaab7fef707ba55ae049b52c0a09f9c469ffefec3678b237c65038b8feca:2:{i:0;s:13:\"_csrf-backend\";i:1;s:32:\"S9CbmpKwE9W4cu-ehDYzo24MUbpb9Jwx\";}'
]

$_SESSION = [
    '__flash' => []
]

$_SERVER = [
    'HTTP_HOST' => 'localhost'
    'HTTP_CONNECTION' => 'keep-alive'
    'HTTP_CACHE_CONTROL' => 'max-age=0'
    'HTTP_UPGRADE_INSECURE_REQUESTS' => '1'
    'HTTP_USER_AGENT' => 'Mozilla/5.0 (X11; Linux x86_64) AppleWebKit/537.36 (KHTML, like Gecko) Chrome/56.0.2924.87 Safari/537.36'
    'HTTP_ACCEPT' => 'text/html,application/xhtml+xml,application/xml;q=0.9,image/webp,*/*;q=0.8'
    'HTTP_REFERER' => 'http://localhost/YiiMona/frontend/web/index.php?r=site%2Fabout'
    'HTTP_ACCEPT_ENCODING' => 'gzip, deflate, sdch, br'
    'HTTP_ACCEPT_LANGUAGE' => 'en-US,en;q=0.8'
    'HTTP_COOKIE' => 'advanced-frontend=nvekevd03dncsspeiacsqfhn74; _csrf-frontend=7c827c9a4207b7e37f07f174b7ef4a77edcb53031a24f4cb70caac0e9b455ddda%3A2%3A%7Bi%3A0%3Bs%3A14%3A%22_csrf-frontend%22%3Bi%3A1%3Bs%3A32%3A%22zng-8DTs-WN-pX1YDeGT4jRvyYZxMtcP%22%3B%7D; advanced-backend=s00ueu4limvil78ae88ki063g4; _csrf-backend=a59cfdaab7fef707ba55ae049b52c0a09f9c469ffefec3678b237c65038b8feca%3A2%3A%7Bi%3A0%3Bs%3A13%3A%22_csrf-backend%22%3Bi%3A1%3Bs%3A32%3A%22S9CbmpKwE9W4cu-ehDYzo24MUbpb9Jwx%22%3B%7D'
    'PATH' => '/usr/local/sbin:/usr/local/bin:/usr/sbin:/usr/bin:/sbin:/bin'
    'SERVER_SIGNATURE' => '<address>Apache/2.4.18 (Ubuntu) Server at localhost Port 80</address>
'
    'SERVER_SOFTWARE' => 'Apache/2.4.18 (Ubuntu)'
    'SERVER_NAME' => 'localhost'
    'SERVER_ADDR' => '127.0.0.1'
    'SERVER_PORT' => '80'
    'REMOTE_ADDR' => '127.0.0.1'
    'DOCUMENT_ROOT' => '/var/www/html'
    'REQUEST_SCHEME' => 'http'
    'CONTEXT_PREFIX' => ''
    'CONTEXT_DOCUMENT_ROOT' => '/var/www/html'
    'SERVER_ADMIN' => 'webmaster@localhost'
    'SCRIPT_FILENAME' => '/var/www/html/YiiMona/frontend/web/index.php'
    'REMOTE_PORT' => '49250'
    'GATEWAY_INTERFACE' => 'CGI/1.1'
    'SERVER_PROTOCOL' => 'HTTP/1.1'
    'REQUEST_METHOD' => 'GET'
    'QUERY_STRING' => 'r=site%2Fgalary'
    'REQUEST_URI' => '/YiiMona/frontend/web/index.php?r=site%2Fgalary'
    'SCRIPT_NAME' => '/YiiMona/frontend/web/index.php'
    'PHP_SELF' => '/YiiMona/frontend/web/index.php'
    'REQUEST_TIME_FLOAT' => 1491644627.543
    'REQUEST_TIME' => 1491644627
]
2017-04-08 09:43:47 [127.0.0.1][-][nvekevd03dncsspeiacsqfhn74][error][yii\web\HttpException:404] exception 'yii\base\InvalidRouteException' with message 'Unable to resolve the request: site/galary' in /var/www/html/YiiMona/vendor/yiisoft/yii2/base/Controller.php:127
Stack trace:
#0 /var/www/html/YiiMona/vendor/yiisoft/yii2/base/Module.php(523): yii\base\Controller->runAction('galary', Array)
#1 /var/www/html/YiiMona/vendor/yiisoft/yii2/web/Application.php(102): yii\base\Module->runAction('site/galary', Array)
#2 /var/www/html/YiiMona/vendor/yiisoft/yii2/base/Application.php(380): yii\web\Application->handleRequest(Object(yii\web\Request))
#3 /var/www/html/YiiMona/frontend/web/index.php(18): yii\base\Application->run()
#4 {main}

Next exception 'yii\web\NotFoundHttpException' with message 'Page not found.' in /var/www/html/YiiMona/vendor/yiisoft/yii2/web/Application.php:114
Stack trace:
#0 /var/www/html/YiiMona/vendor/yiisoft/yii2/base/Application.php(380): yii\web\Application->handleRequest(Object(yii\web\Request))
#1 /var/www/html/YiiMona/frontend/web/index.php(18): yii\base\Application->run()
#2 {main}
2017-04-08 09:43:47 [127.0.0.1][-][nvekevd03dncsspeiacsqfhn74][info][application] $_GET = [
    'r' => 'site/galary'
]

$_COOKIE = [
    'advanced-frontend' => 'nvekevd03dncsspeiacsqfhn74'
    '_csrf-frontend' => '7c827c9a4207b7e37f07f174b7ef4a77edcb53031a24f4cb70caac0e9b455ddda:2:{i:0;s:14:\"_csrf-frontend\";i:1;s:32:\"zng-8DTs-WN-pX1YDeGT4jRvyYZxMtcP\";}'
    'advanced-backend' => 's00ueu4limvil78ae88ki063g4'
    '_csrf-backend' => 'a59cfdaab7fef707ba55ae049b52c0a09f9c469ffefec3678b237c65038b8feca:2:{i:0;s:13:\"_csrf-backend\";i:1;s:32:\"S9CbmpKwE9W4cu-ehDYzo24MUbpb9Jwx\";}'
]

$_SESSION = [
    '__flash' => []
]

$_SERVER = [
    'HTTP_HOST' => 'localhost'
    'HTTP_CONNECTION' => 'keep-alive'
    'HTTP_CACHE_CONTROL' => 'max-age=0'
    'HTTP_UPGRADE_INSECURE_REQUESTS' => '1'
    'HTTP_USER_AGENT' => 'Mozilla/5.0 (X11; Linux x86_64) AppleWebKit/537.36 (KHTML, like Gecko) Chrome/56.0.2924.87 Safari/537.36'
    'HTTP_ACCEPT' => 'text/html,application/xhtml+xml,application/xml;q=0.9,image/webp,*/*;q=0.8'
    'HTTP_REFERER' => 'http://localhost/YiiMona/frontend/web/index.php?r=site%2Fabout'
    'HTTP_ACCEPT_ENCODING' => 'gzip, deflate, sdch, br'
    'HTTP_ACCEPT_LANGUAGE' => 'en-US,en;q=0.8'
    'HTTP_COOKIE' => 'advanced-frontend=nvekevd03dncsspeiacsqfhn74; _csrf-frontend=7c827c9a4207b7e37f07f174b7ef4a77edcb53031a24f4cb70caac0e9b455ddda%3A2%3A%7Bi%3A0%3Bs%3A14%3A%22_csrf-frontend%22%3Bi%3A1%3Bs%3A32%3A%22zng-8DTs-WN-pX1YDeGT4jRvyYZxMtcP%22%3B%7D; advanced-backend=s00ueu4limvil78ae88ki063g4; _csrf-backend=a59cfdaab7fef707ba55ae049b52c0a09f9c469ffefec3678b237c65038b8feca%3A2%3A%7Bi%3A0%3Bs%3A13%3A%22_csrf-backend%22%3Bi%3A1%3Bs%3A32%3A%22S9CbmpKwE9W4cu-ehDYzo24MUbpb9Jwx%22%3B%7D'
    'PATH' => '/usr/local/sbin:/usr/local/bin:/usr/sbin:/usr/bin:/sbin:/bin'
    'SERVER_SIGNATURE' => '<address>Apache/2.4.18 (Ubuntu) Server at localhost Port 80</address>
'
    'SERVER_SOFTWARE' => 'Apache/2.4.18 (Ubuntu)'
    'SERVER_NAME' => 'localhost'
    'SERVER_ADDR' => '127.0.0.1'
    'SERVER_PORT' => '80'
    'REMOTE_ADDR' => '127.0.0.1'
    'DOCUMENT_ROOT' => '/var/www/html'
    'REQUEST_SCHEME' => 'http'
    'CONTEXT_PREFIX' => ''
    'CONTEXT_DOCUMENT_ROOT' => '/var/www/html'
    'SERVER_ADMIN' => 'webmaster@localhost'
    'SCRIPT_FILENAME' => '/var/www/html/YiiMona/frontend/web/index.php'
    'REMOTE_PORT' => '49250'
    'GATEWAY_INTERFACE' => 'CGI/1.1'
    'SERVER_PROTOCOL' => 'HTTP/1.1'
    'REQUEST_METHOD' => 'GET'
    'QUERY_STRING' => 'r=site%2Fgalary'
    'REQUEST_URI' => '/YiiMona/frontend/web/index.php?r=site%2Fgalary'
    'SCRIPT_NAME' => '/YiiMona/frontend/web/index.php'
    'PHP_SELF' => '/YiiMona/frontend/web/index.php'
    'REQUEST_TIME_FLOAT' => 1491644627.744
    'REQUEST_TIME' => 1491644627
]
2017-04-08 09:43:52 [127.0.0.1][-][nvekevd03dncsspeiacsqfhn74][error][yii\web\HttpException:404] exception 'yii\base\InvalidRouteException' with message 'Unable to resolve the request: site/galary' in /var/www/html/YiiMona/vendor/yiisoft/yii2/base/Controller.php:127
Stack trace:
#0 /var/www/html/YiiMona/vendor/yiisoft/yii2/base/Module.php(523): yii\base\Controller->runAction('galary', Array)
#1 /var/www/html/YiiMona/vendor/yiisoft/yii2/web/Application.php(102): yii\base\Module->runAction('site/galary', Array)
#2 /var/www/html/YiiMona/vendor/yiisoft/yii2/base/Application.php(380): yii\web\Application->handleRequest(Object(yii\web\Request))
#3 /var/www/html/YiiMona/frontend/web/index.php(18): yii\base\Application->run()
#4 {main}

Next exception 'yii\web\NotFoundHttpException' with message 'Page not found.' in /var/www/html/YiiMona/vendor/yiisoft/yii2/web/Application.php:114
Stack trace:
#0 /var/www/html/YiiMona/vendor/yiisoft/yii2/base/Application.php(380): yii\web\Application->handleRequest(Object(yii\web\Request))
#1 /var/www/html/YiiMona/frontend/web/index.php(18): yii\base\Application->run()
#2 {main}
2017-04-08 09:43:52 [127.0.0.1][-][nvekevd03dncsspeiacsqfhn74][info][application] $_GET = [
    'r' => 'site/galary'
]

$_COOKIE = [
    'advanced-frontend' => 'nvekevd03dncsspeiacsqfhn74'
    '_csrf-frontend' => '7c827c9a4207b7e37f07f174b7ef4a77edcb53031a24f4cb70caac0e9b455ddda:2:{i:0;s:14:\"_csrf-frontend\";i:1;s:32:\"zng-8DTs-WN-pX1YDeGT4jRvyYZxMtcP\";}'
    'advanced-backend' => 's00ueu4limvil78ae88ki063g4'
    '_csrf-backend' => 'a59cfdaab7fef707ba55ae049b52c0a09f9c469ffefec3678b237c65038b8feca:2:{i:0;s:13:\"_csrf-backend\";i:1;s:32:\"S9CbmpKwE9W4cu-ehDYzo24MUbpb9Jwx\";}'
]

$_SESSION = [
    '__flash' => []
]

$_SERVER = [
    'HTTP_HOST' => 'localhost'
    'HTTP_CONNECTION' => 'keep-alive'
    'HTTP_UPGRADE_INSECURE_REQUESTS' => '1'
    'HTTP_USER_AGENT' => 'Mozilla/5.0 (X11; Linux x86_64) AppleWebKit/537.36 (KHTML, like Gecko) Chrome/56.0.2924.87 Safari/537.36'
    'HTTP_ACCEPT' => 'text/html,application/xhtml+xml,application/xml;q=0.9,image/webp,*/*;q=0.8'
    'HTTP_REFERER' => 'http://localhost/YiiMona/frontend/web/index.php?r=site%2Findex'
    'HTTP_ACCEPT_ENCODING' => 'gzip, deflate, sdch, br'
    'HTTP_ACCEPT_LANGUAGE' => 'en-US,en;q=0.8'
    'HTTP_COOKIE' => 'advanced-frontend=nvekevd03dncsspeiacsqfhn74; _csrf-frontend=7c827c9a4207b7e37f07f174b7ef4a77edcb53031a24f4cb70caac0e9b455ddda%3A2%3A%7Bi%3A0%3Bs%3A14%3A%22_csrf-frontend%22%3Bi%3A1%3Bs%3A32%3A%22zng-8DTs-WN-pX1YDeGT4jRvyYZxMtcP%22%3B%7D; advanced-backend=s00ueu4limvil78ae88ki063g4; _csrf-backend=a59cfdaab7fef707ba55ae049b52c0a09f9c469ffefec3678b237c65038b8feca%3A2%3A%7Bi%3A0%3Bs%3A13%3A%22_csrf-backend%22%3Bi%3A1%3Bs%3A32%3A%22S9CbmpKwE9W4cu-ehDYzo24MUbpb9Jwx%22%3B%7D'
    'PATH' => '/usr/local/sbin:/usr/local/bin:/usr/sbin:/usr/bin:/sbin:/bin'
    'SERVER_SIGNATURE' => '<address>Apache/2.4.18 (Ubuntu) Server at localhost Port 80</address>
'
    'SERVER_SOFTWARE' => 'Apache/2.4.18 (Ubuntu)'
    'SERVER_NAME' => 'localhost'
    'SERVER_ADDR' => '127.0.0.1'
    'SERVER_PORT' => '80'
    'REMOTE_ADDR' => '127.0.0.1'
    'DOCUMENT_ROOT' => '/var/www/html'
    'REQUEST_SCHEME' => 'http'
    'CONTEXT_PREFIX' => ''
    'CONTEXT_DOCUMENT_ROOT' => '/var/www/html'
    'SERVER_ADMIN' => 'webmaster@localhost'
    'SCRIPT_FILENAME' => '/var/www/html/YiiMona/frontend/web/index.php'
    'REMOTE_PORT' => '49250'
    'GATEWAY_INTERFACE' => 'CGI/1.1'
    'SERVER_PROTOCOL' => 'HTTP/1.1'
    'REQUEST_METHOD' => 'GET'
    'QUERY_STRING' => 'r=site%2Fgalary'
    'REQUEST_URI' => '/YiiMona/frontend/web/index.php?r=site%2Fgalary'
    'SCRIPT_NAME' => '/YiiMona/frontend/web/index.php'
    'PHP_SELF' => '/YiiMona/frontend/web/index.php'
    'REQUEST_TIME_FLOAT' => 1491644632.04
    'REQUEST_TIME' => 1491644632
]
2017-04-08 09:44:09 [127.0.0.1][-][nvekevd03dncsspeiacsqfhn74][error][yii\web\HttpException:404] exception 'yii\base\InvalidRouteException' with message 'Unable to resolve the request: site/galary' in /var/www/html/YiiMona/vendor/yiisoft/yii2/base/Controller.php:127
Stack trace:
#0 /var/www/html/YiiMona/vendor/yiisoft/yii2/base/Module.php(523): yii\base\Controller->runAction('galary', Array)
#1 /var/www/html/YiiMona/vendor/yiisoft/yii2/web/Application.php(102): yii\base\Module->runAction('site/galary', Array)
#2 /var/www/html/YiiMona/vendor/yiisoft/yii2/base/Application.php(380): yii\web\Application->handleRequest(Object(yii\web\Request))
#3 /var/www/html/YiiMona/frontend/web/index.php(18): yii\base\Application->run()
#4 {main}

Next exception 'yii\web\NotFoundHttpException' with message 'Page not found.' in /var/www/html/YiiMona/vendor/yiisoft/yii2/web/Application.php:114
Stack trace:
#0 /var/www/html/YiiMona/vendor/yiisoft/yii2/base/Application.php(380): yii\web\Application->handleRequest(Object(yii\web\Request))
#1 /var/www/html/YiiMona/frontend/web/index.php(18): yii\base\Application->run()
#2 {main}
2017-04-08 09:44:09 [127.0.0.1][-][nvekevd03dncsspeiacsqfhn74][info][application] $_GET = [
    'r' => 'site/galary'
]

$_COOKIE = [
    'advanced-frontend' => 'nvekevd03dncsspeiacsqfhn74'
    '_csrf-frontend' => '7c827c9a4207b7e37f07f174b7ef4a77edcb53031a24f4cb70caac0e9b455ddda:2:{i:0;s:14:\"_csrf-frontend\";i:1;s:32:\"zng-8DTs-WN-pX1YDeGT4jRvyYZxMtcP\";}'
    'advanced-backend' => 's00ueu4limvil78ae88ki063g4'
    '_csrf-backend' => 'a59cfdaab7fef707ba55ae049b52c0a09f9c469ffefec3678b237c65038b8feca:2:{i:0;s:13:\"_csrf-backend\";i:1;s:32:\"S9CbmpKwE9W4cu-ehDYzo24MUbpb9Jwx\";}'
]

$_SESSION = [
    '__flash' => []
]

$_SERVER = [
    'HTTP_HOST' => 'localhost'
    'HTTP_CONNECTION' => 'keep-alive'
    'HTTP_UPGRADE_INSECURE_REQUESTS' => '1'
    'HTTP_USER_AGENT' => 'Mozilla/5.0 (X11; Linux x86_64) AppleWebKit/537.36 (KHTML, like Gecko) Chrome/56.0.2924.87 Safari/537.36'
    'HTTP_ACCEPT' => 'text/html,application/xhtml+xml,application/xml;q=0.9,image/webp,*/*;q=0.8'
    'HTTP_REFERER' => 'http://localhost/YiiMona/frontend/web/index.php?r=site%2Findex'
    'HTTP_ACCEPT_ENCODING' => 'gzip, deflate, sdch, br'
    'HTTP_ACCEPT_LANGUAGE' => 'en-US,en;q=0.8'
    'HTTP_COOKIE' => 'advanced-frontend=nvekevd03dncsspeiacsqfhn74; _csrf-frontend=7c827c9a4207b7e37f07f174b7ef4a77edcb53031a24f4cb70caac0e9b455ddda%3A2%3A%7Bi%3A0%3Bs%3A14%3A%22_csrf-frontend%22%3Bi%3A1%3Bs%3A32%3A%22zng-8DTs-WN-pX1YDeGT4jRvyYZxMtcP%22%3B%7D; advanced-backend=s00ueu4limvil78ae88ki063g4; _csrf-backend=a59cfdaab7fef707ba55ae049b52c0a09f9c469ffefec3678b237c65038b8feca%3A2%3A%7Bi%3A0%3Bs%3A13%3A%22_csrf-backend%22%3Bi%3A1%3Bs%3A32%3A%22S9CbmpKwE9W4cu-ehDYzo24MUbpb9Jwx%22%3B%7D'
    'PATH' => '/usr/local/sbin:/usr/local/bin:/usr/sbin:/usr/bin:/sbin:/bin'
    'SERVER_SIGNATURE' => '<address>Apache/2.4.18 (Ubuntu) Server at localhost Port 80</address>
'
    'SERVER_SOFTWARE' => 'Apache/2.4.18 (Ubuntu)'
    'SERVER_NAME' => 'localhost'
    'SERVER_ADDR' => '127.0.0.1'
    'SERVER_PORT' => '80'
    'REMOTE_ADDR' => '127.0.0.1'
    'DOCUMENT_ROOT' => '/var/www/html'
    'REQUEST_SCHEME' => 'http'
    'CONTEXT_PREFIX' => ''
    'CONTEXT_DOCUMENT_ROOT' => '/var/www/html'
    'SERVER_ADMIN' => 'webmaster@localhost'
    'SCRIPT_FILENAME' => '/var/www/html/YiiMona/frontend/web/index.php'
    'REMOTE_PORT' => '49254'
    'GATEWAY_INTERFACE' => 'CGI/1.1'
    'SERVER_PROTOCOL' => 'HTTP/1.1'
    'REQUEST_METHOD' => 'GET'
    'QUERY_STRING' => 'r=site%2Fgalary'
    'REQUEST_URI' => '/YiiMona/frontend/web/index.php?r=site%2Fgalary'
    'SCRIPT_NAME' => '/YiiMona/frontend/web/index.php'
    'PHP_SELF' => '/YiiMona/frontend/web/index.php'
    'REQUEST_TIME_FLOAT' => 1491644649.799
    'REQUEST_TIME' => 1491644649
]
2017-04-08 09:59:39 [127.0.0.1][-][-][error][yii\base\InvalidConfigException] exception 'yii\base\InvalidConfigException' with message 'Either GD PHP extension with FreeType support or ImageMagick PHP extension with PNG support is required.' in /var/www/html/YiiMona/vendor/yiisoft/yii2/captcha/Captcha.php:179
Stack trace:
#0 /var/www/html/YiiMona/vendor/yiisoft/yii2/captcha/Captcha.php(94): yii\captcha\Captcha::checkRequirements()
#1 /var/www/html/YiiMona/vendor/yiisoft/yii2/base/Object.php(107): yii\captcha\Captcha->init()
#2 [internal function]: yii\base\Object->__construct(Array)
#3 /var/www/html/YiiMona/vendor/yiisoft/yii2/di/Container.php(381): ReflectionClass->newInstanceArgs(Array)
#4 /var/www/html/YiiMona/vendor/yiisoft/yii2/di/Container.php(156): yii\di\Container->build('yii\\captcha\\Cap...', Array, Array)
#5 /var/www/html/YiiMona/vendor/yiisoft/yii2/BaseYii.php(344): yii\di\Container->get('yii\\captcha\\Cap...', Array, Array)
#6 /var/www/html/YiiMona/vendor/yiisoft/yii2/base/Widget.php(136): yii\BaseYii::createObject(Array)
#7 /var/www/html/YiiMona/vendor/yiisoft/yii2/widgets/ActiveField.php(725): yii\base\Widget::widget(Array)
#8 /var/www/html/YiiMona/frontend/views/site/contact.php(35): yii\widgets\ActiveField->widget('yii\\captcha\\Cap...', Array)
#9 /var/www/html/YiiMona/vendor/yiisoft/yii2/base/View.php(328): require('/var/www/html/Y...')
#10 /var/www/html/YiiMona/vendor/yiisoft/yii2/base/View.php(250): yii\base\View->renderPhpFile('/var/www/html/Y...', Array)
#11 /var/www/html/YiiMona/vendor/yiisoft/yii2/base/View.php(152): yii\base\View->renderFile('/var/www/html/Y...', Array, Object(frontend\controllers\SiteController))
#12 /var/www/html/YiiMona/vendor/yiisoft/yii2/base/Controller.php(381): yii\base\View->render('contact', Array, Object(frontend\controllers\SiteController))
#13 /var/www/html/YiiMona/frontend/controllers/SiteController.php(133): yii\base\Controller->render('contact', Array)
#14 [internal function]: frontend\controllers\SiteController->actionContact()
#15 /var/www/html/YiiMona/vendor/yiisoft/yii2/base/InlineAction.php(57): call_user_func_array(Array, Array)
#16 /var/www/html/YiiMona/vendor/yiisoft/yii2/base/Controller.php(156): yii\base\InlineAction->runWithParams(Array)
#17 /var/www/html/YiiMona/vendor/yiisoft/yii2/base/Module.php(523): yii\base\Controller->runAction('contact', Array)
#18 /var/www/html/YiiMona/vendor/yiisoft/yii2/web/Application.php(102): yii\base\Module->runAction('site/contact', Array)
#19 /var/www/html/YiiMona/vendor/yiisoft/yii2/base/Application.php(380): yii\web\Application->handleRequest(Object(yii\web\Request))
#20 /var/www/html/YiiMona/frontend/web/index.php(18): yii\base\Application->run()
#21 {main}
2017-04-08 09:59:39 [127.0.0.1][-][-][info][application] $_GET = [
    'r' => 'site/contact'
]

$_COOKIE = [
    '_csrf-frontend' => '7c827c9a4207b7e37f07f174b7ef4a77edcb53031a24f4cb70caac0e9b455ddda:2:{i:0;s:14:\"_csrf-frontend\";i:1;s:32:\"zng-8DTs-WN-pX1YDeGT4jRvyYZxMtcP\";}'
    '_csrf-backend' => 'a59cfdaab7fef707ba55ae049b52c0a09f9c469ffefec3678b237c65038b8feca:2:{i:0;s:13:\"_csrf-backend\";i:1;s:32:\"S9CbmpKwE9W4cu-ehDYzo24MUbpb9Jwx\";}'
    'advanced-frontend' => '2nrlros91k13l4tuifh69pgfd4'
    'advanced-backend' => 'i4e137vrjp92g9j638pqp50pf2'
    '_identity-backend' => 'b1a8954de6c8cd22aecc597c3c9dd8e9069809121ec3d350e7b01c3574093961a:2:{i:0;s:17:\"_identity-backend\";i:1;s:46:\"[1,\"_xAFNS1OqHoDwTjlpTuR0dNN7CtyyA74\",2592000]\";}'
]

$_SERVER = [
    'HTTP_HOST' => 'localhost'
    'HTTP_CONNECTION' => 'keep-alive'
    'HTTP_UPGRADE_INSECURE_REQUESTS' => '1'
    'HTTP_USER_AGENT' => 'Mozilla/5.0 (X11; Linux x86_64) AppleWebKit/537.36 (KHTML, like Gecko) Chrome/56.0.2924.87 Safari/537.36'
    'HTTP_ACCEPT' => 'text/html,application/xhtml+xml,application/xml;q=0.9,image/webp,*/*;q=0.8'
    'HTTP_REFERER' => 'http://localhost/YiiMona/frontend/web/index.php?r=site%2Fabout'
    'HTTP_ACCEPT_ENCODING' => 'gzip, deflate, sdch, br'
    'HTTP_ACCEPT_LANGUAGE' => 'en-US,en;q=0.8'
    'HTTP_COOKIE' => '_csrf-frontend=7c827c9a4207b7e37f07f174b7ef4a77edcb53031a24f4cb70caac0e9b455ddda%3A2%3A%7Bi%3A0%3Bs%3A14%3A%22_csrf-frontend%22%3Bi%3A1%3Bs%3A32%3A%22zng-8DTs-WN-pX1YDeGT4jRvyYZxMtcP%22%3B%7D; _csrf-backend=a59cfdaab7fef707ba55ae049b52c0a09f9c469ffefec3678b237c65038b8feca%3A2%3A%7Bi%3A0%3Bs%3A13%3A%22_csrf-backend%22%3Bi%3A1%3Bs%3A32%3A%22S9CbmpKwE9W4cu-ehDYzo24MUbpb9Jwx%22%3B%7D; advanced-frontend=2nrlros91k13l4tuifh69pgfd4; advanced-backend=i4e137vrjp92g9j638pqp50pf2; _identity-backend=b1a8954de6c8cd22aecc597c3c9dd8e9069809121ec3d350e7b01c3574093961a%3A2%3A%7Bi%3A0%3Bs%3A17%3A%22_identity-backend%22%3Bi%3A1%3Bs%3A46%3A%22%5B1%2C%22_xAFNS1OqHoDwTjlpTuR0dNN7CtyyA74%22%2C2592000%5D%22%3B%7D'
    'PATH' => '/usr/local/sbin:/usr/local/bin:/usr/sbin:/usr/bin:/sbin:/bin'
    'SERVER_SIGNATURE' => '<address>Apache/2.4.18 (Ubuntu) Server at localhost Port 80</address>
'
    'SERVER_SOFTWARE' => 'Apache/2.4.18 (Ubuntu)'
    'SERVER_NAME' => 'localhost'
    'SERVER_ADDR' => '127.0.0.1'
    'SERVER_PORT' => '80'
    'REMOTE_ADDR' => '127.0.0.1'
    'DOCUMENT_ROOT' => '/var/www/html'
    'REQUEST_SCHEME' => 'http'
    'CONTEXT_PREFIX' => ''
    'CONTEXT_DOCUMENT_ROOT' => '/var/www/html'
    'SERVER_ADMIN' => 'webmaster@localhost'
    'SCRIPT_FILENAME' => '/var/www/html/YiiMona/frontend/web/index.php'
    'REMOTE_PORT' => '49698'
    'GATEWAY_INTERFACE' => 'CGI/1.1'
    'SERVER_PROTOCOL' => 'HTTP/1.1'
    'REQUEST_METHOD' => 'GET'
    'QUERY_STRING' => 'r=site%2Fcontact'
    'REQUEST_URI' => '/YiiMona/frontend/web/index.php?r=site%2Fcontact'
    'SCRIPT_NAME' => '/YiiMona/frontend/web/index.php'
    'PHP_SELF' => '/YiiMona/frontend/web/index.php'
    'REQUEST_TIME_FLOAT' => 1491645579.324
    'REQUEST_TIME' => 1491645579
]
